#
# There is insufficient memory for the Java Runtime Environment to continue.
# Native memory allocation (mmap) failed to map 264241152 bytes for G1 virtual space
# Possible reasons:
#   The system is out of physical RAM or swap space
#   The process is running with CompressedOops enabled, and the Java Heap may be blocking the growth of the native heap
# Possible solutions:
#   Reduce memory load on the system
#   Increase physical memory or swap space
#   Check if swap backing store is full
#   Decrease Java heap size (-Xmx/-Xms)
#   Decrease number of Java threads
#   Decrease Java thread stack sizes (-Xss)
#   Set larger code cache with -XX:ReservedCodeCacheSize=
#   JVM is running with Zero Based Compressed Oops mode in which the Java heap is
#     placed in the first 32GB address space. The Java Heap base address is the
#     maximum limit for the native heap growth. Please use -XX:HeapBaseMinAddress
#     to set the Java Heap base and to place the Java Heap above 32GB virtual address.
# This output file may be truncated or incomplete.
#
#  Out of Memory Error (os_windows.cpp:3771), pid=30364, tid=14060
#
# JRE version:  (17.0.7) (build )
# Java VM: OpenJDK 64-Bit Server VM (17.0.7+0-b2043.56-10550314, mixed mode, sharing, tiered, compressed oops, compressed class ptrs, g1 gc, windows-amd64)
# No core dump will be written. Minidumps are not enabled by default on client versions of Windows
#

---------------  S U M M A R Y ------------

Command Line: org.jetbrains.kotlin.cli.jvm.K2JVMCompiler @C:\Users\Uri\Portfolio\Cripto\app\build\20240507_13995837356274376151.compiler.options

Host: 11th Gen Intel(R) Core(TM) i5-11400H @ 2.70GHz, 12 cores, 15G,  Windows 11 , 64 bit Build 22621 (10.0.22621.3374)
Time: Tue May  7 15:31:35 2024 Turkey Standard Time elapsed time: 0.012307 seconds (0d 0h 0m 0s)

---------------  T H R E A D  ---------------

Current thread (0x000002204118fa30):  JavaThread "Unknown thread" [_thread_in_vm, id=14060, stack(0x000000f7d1400000,0x000000f7d1500000)]

Stack: [0x000000f7d1400000,0x000000f7d1500000]
Native frames: (J=compiled Java code, j=interpreted, Vv=VM code, C=native code)
V  [jvm.dll+0x683bfa]
V  [jvm.dll+0x8430a4]
V  [jvm.dll+0x8449be]
V  [jvm.dll+0x845023]
V  [jvm.dll+0x24ad2f]
V  [jvm.dll+0x680ac9]
V  [jvm.dll+0x67519a]
V  [jvm.dll+0x30b3cb]
V  [jvm.dll+0x312876]
V  [jvm.dll+0x36221e]
V  [jvm.dll+0x36244f]
V  [jvm.dll+0x2e14a8]
V  [jvm.dll+0x2e2414]
V  [jvm.dll+0x814391]
V  [jvm.dll+0x36ffe1]
V  [jvm.dll+0x7f396c]
V  [jvm.dll+0x3f305f]
V  [jvm.dll+0x3f4b91]
C  [jli.dll+0x528f]
C  [ucrtbase.dll+0x29333]
C  [KERNEL32.DLL+0x1257d]
C  [ntdll.dll+0x5aa48]


---------------  P R O C E S S  ---------------

Threads class SMR info:
_java_thread_list=0x00007ffc283ed098, length=0, elements={
}

Java Threads: ( => current thread )

Other Threads:
  0x00000220411fd930 GCTaskThread "GC Thread#0" [stack: 0x000000f7d1500000,0x000000f7d1600000] [id=28344]
  0x000002204120e3c0 ConcurrentGCThread "G1 Main Marker" [stack: 0x000000f7d1600000,0x000000f7d1700000] [id=17704]
  0x000002204120edd0 ConcurrentGCThread "G1 Conc#0" [stack: 0x000000f7d1700000,0x000000f7d1800000] [id=19244]

[error occurred during error reporting (printing all threads), id 0xc0000005, EXCEPTION_ACCESS_VIOLATION (0xc0000005) at pc=0x00007ffc27ba2087]

VM state: not at safepoint (not fully initialized)

VM Mutex/Monitor currently owned by a thread:  ([mutex/lock_event])
[0x000002204118bd00] Heap_lock - owner thread: 0x000002204118fa30

Heap address: 0x0000000704a00000, size: 4022 MB, Compressed Oops mode: Zero based, Oop shift amount: 3

CDS archive(s) mapped at: [0x0000000000000000-0x0000000000000000-0x0000000000000000), size 0, SharedBaseAddress: 0x0000000800000000, ArchiveRelocationMode: 0.
Narrow klass base: 0x0000000000000000, Narrow klass shift: 0, Narrow klass range: 0x0

GC Precious Log:
<Empty>

Heap:
 garbage-first heap   total 0K, used 0K [0x0000000704a00000, 0x0000000800000000)
  region size 2048K, 0 young (0K), 0 survivors (0K)
 Metaspace       used 0K, committed 0K, reserved 0K
  class space    used 0K, committed 0K, reserved 0K

Heap Regions: E=young(eden), S=young(survivor), O=old, HS=humongous(starts), HC=humongous(continues), CS=collection set, F=free, OA=open archive, CA=closed archive, TAMS=top-at-mark-start (previous, next)

Card table byte_map: [0x0000022054390000,0x0000022054b70000] _byte_map_base: 0x0000022050b6b000

Marking Bits (Prev, Next): (CMBitMap*) 0x00000220411fdf40, (CMBitMap*) 0x00000220411fdf80
 Prev Bits: [0x0000022055350000, 0x0000022059228000)
 Next Bits: [0x0000022059230000, 0x000002205d108000)

GC Heap History (0 events):
No events

Dll operation events (1 events):
Event: 0.008 Loaded shared library C:\Program Files\Android\Android Studio\jbr\bin\java.dll

Deoptimization events (0 events):
No events

Classes unloaded (0 events):
No events

Classes redefined (0 events):
No events

Internal exceptions (0 events):
No events

VM Operations (0 events):
No events

Events (0 events):
No events


Dynamic libraries:
0x00007ff793760000 - 0x00007ff79376a000 	C:\Program Files\Android\Android Studio\jbr\bin\java.exe
0x00007ffcd7d30000 - 0x00007ffcd7f46000 	C:\WINDOWS\SYSTEM32\ntdll.dll
0x00007ffcd6fe0000 - 0x00007ffcd70a4000 	C:\WINDOWS\System32\KERNEL32.DLL
0x00007ffcd5610000 - 0x00007ffcd59b7000 	C:\WINDOWS\System32\KERNELBASE.dll
0x00007ffcd5050000 - 0x00007ffcd5161000 	C:\WINDOWS\System32\ucrtbase.dll
0x00007ffccd790000 - 0x00007ffccd7ab000 	C:\Program Files\Android\Android Studio\jbr\bin\VCRUNTIME140.dll
0x00007ffc8d960000 - 0x00007ffc8d977000 	C:\Program Files\Android\Android Studio\jbr\bin\jli.dll
0x00007ffcd63e0000 - 0x00007ffcd658e000 	C:\WINDOWS\System32\USER32.dll
0x00007ffcd59c0000 - 0x00007ffcd59e6000 	C:\WINDOWS\System32\win32u.dll
0x00007ffcbc240000 - 0x00007ffcbc4d3000 	C:\WINDOWS\WinSxS\amd64_microsoft.windows.common-controls_6595b64144ccf1df_6.0.22621.3235_none_270f74e173860f98\COMCTL32.dll
0x00007ffcd7190000 - 0x00007ffcd71b9000 	C:\WINDOWS\System32\GDI32.dll
0x00007ffcd7330000 - 0x00007ffcd73d7000 	C:\WINDOWS\System32\msvcrt.dll
0x00007ffcd5380000 - 0x00007ffcd5499000 	C:\WINDOWS\System32\gdi32full.dll
0x00007ffcd52e0000 - 0x00007ffcd537a000 	C:\WINDOWS\System32\msvcp_win.dll
0x00007ffcd73e0000 - 0x00007ffcd7411000 	C:\WINDOWS\System32\IMM32.DLL
0x00007ffccdec0000 - 0x00007ffccdecc000 	C:\Program Files\Android\Android Studio\jbr\bin\vcruntime140_1.dll
0x00007ffc94060000 - 0x00007ffc940ed000 	C:\Program Files\Android\Android Studio\jbr\bin\msvcp140.dll
0x00007ffc278b0000 - 0x00007ffc28530000 	C:\Program Files\Android\Android Studio\jbr\bin\server\jvm.dll
0x00007ffcd7270000 - 0x00007ffcd7322000 	C:\WINDOWS\System32\ADVAPI32.dll
0x00007ffcd71c0000 - 0x00007ffcd7268000 	C:\WINDOWS\System32\sechost.dll
0x00007ffcd54a0000 - 0x00007ffcd54c8000 	C:\WINDOWS\System32\bcrypt.dll
0x00007ffcd5b10000 - 0x00007ffcd5c25000 	C:\WINDOWS\System32\RPCRT4.dll
0x00007ffcc9e90000 - 0x00007ffcc9ec4000 	C:\WINDOWS\SYSTEM32\WINMM.dll
0x00007ffcc9e10000 - 0x00007ffcc9e1a000 	C:\WINDOWS\SYSTEM32\VERSION.dll
0x00007ffc9d720000 - 0x00007ffc9d729000 	C:\WINDOWS\SYSTEM32\WSOCK32.dll
0x00007ffcd70b0000 - 0x00007ffcd7121000 	C:\WINDOWS\System32\WS2_32.dll
0x00007ffcd4180000 - 0x00007ffcd4198000 	C:\WINDOWS\SYSTEM32\kernel.appcore.dll
0x00007ffcad3d0000 - 0x00007ffcad3da000 	C:\Program Files\Android\Android Studio\jbr\bin\jimage.dll
0x00007ffcd29a0000 - 0x00007ffcd2bd3000 	C:\WINDOWS\SYSTEM32\DBGHELP.DLL
0x00007ffcd6820000 - 0x00007ffcd6ba8000 	C:\WINDOWS\System32\combase.dll
0x00007ffcd66c0000 - 0x00007ffcd6797000 	C:\WINDOWS\System32\OLEAUT32.dll
0x00007ffca75b0000 - 0x00007ffca75e2000 	C:\WINDOWS\SYSTEM32\dbgcore.DLL
0x00007ffcd54d0000 - 0x00007ffcd5549000 	C:\WINDOWS\System32\bcryptPrimitives.dll
0x00007ffc96740000 - 0x00007ffc96765000 	C:\Program Files\Android\Android Studio\jbr\bin\java.dll

dbghelp: loaded successfully - version: 4.0.5 - missing functions: none
symbol engine: initialized successfully - sym options: 0x614 - pdb path: .;C:\Program Files\Android\Android Studio\jbr\bin;C:\WINDOWS\SYSTEM32;C:\WINDOWS\WinSxS\amd64_microsoft.windows.common-controls_6595b64144ccf1df_6.0.22621.3235_none_270f74e173860f98;C:\Program Files\Android\Android Studio\jbr\bin\server

VM Arguments:
java_command: org.jetbrains.kotlin.cli.jvm.K2JVMCompiler @C:\Users\Uri\Portfolio\Cripto\app\build\20240507_13995837356274376151.compiler.options
java_class_path (initial): C:\Users\Uri\.gradle\caches\modules-2\files-2.1\org.jetbrains.kotlin\kotlin-compiler-embeddable\1.9.0\2c8c3a7402becca891f12739b3e9fd2dc2adbd7a\kotlin-compiler-embeddable-1.9.0.jar;C:\Users\Uri\.gradle\caches\modules-2\files-2.1\org.jetbrains.kotlin\kotlin-stdlib\1.9.0\8ee15ef0c67dc83d874f412d84378d7f0eb50b63\kotlin-stdlib-1.9.0.jar;C:\Users\Uri\.gradle\caches\modules-2\files-2.1\org.jetbrains.kotlin\kotlin-script-runtime\1.9.0\4b3102cbbb7e1b58d9d1adf89563f00069ffa7d1\kotlin-script-runtime-1.9.0.jar;C:\Users\Uri\.gradle\caches\modules-2\files-2.1\org.jetbrains.kotlin\kotlin-reflect\1.6.10\1cbe9c92c12a94eea200d23c2bbaedaf3daf5132\kotlin-reflect-1.6.10.jar;C:\Users\Uri\.gradle\caches\modules-2\files-2.1\org.jetbrains.kotlin\kotlin-daemon-embeddable\1.9.0\186543f5e28cf8d9a0290fecc2cf34301c40a65c\kotlin-daemon-embeddable-1.9.0.jar;C:\Users\Uri\.gradle\caches\modules-2\files-2.1\org.jetbrains.intellij.deps\trove4j\1.0.20200330\3afb14d5f9ceb459d724e907a21145e8ff394f02\trove4j-1.0.20200330.jar;C:\Users\Uri\.gradle\caches\modules-2\files-2.1\org.jetbrains.kotlin\kotlin-stdlib-common\1.9.0\cd65c21cfd1eec4d44ef09f9f52b6d9f8a720636\kotlin-stdlib-common-1.9.0.jar;C:\Users\Uri\.gradle\caches\modules-2\files-2.1\org.jetbrains\annotations\13.0\919f0dfe192fb4e063e7dacadee7f8bb9a2672a9\annotations-13.0.jar
Launcher Type: SUN_STANDARD

[Global flags]
     intx CICompilerCount                          = 4                                         {product} {ergonomic}
     uint ConcGCThreads                            = 3                                         {product} {ergonomic}
     uint G1ConcRefinementThreads                  = 10                                        {product} {ergonomic}
   size_t G1HeapRegionSize                         = 2097152                                   {product} {ergonomic}
    uintx GCDrainStackTargetSize                   = 64                                        {product} {ergonomic}
   size_t InitialHeapSize                          = 264241152                                 {product} {ergonomic}
   size_t MarkStackSize                            = 4194304                                   {product} {ergonomic}
   size_t MaxHeapSize                              = 4217372672                                {product} {ergonomic}
   size_t MinHeapDeltaBytes                        = 2097152                                   {product} {ergonomic}
   size_t MinHeapSize                              = 8388608                                   {product} {ergonomic}
    uintx NonNMethodCodeHeapSize                   = 5839372                                {pd product} {ergonomic}
    uintx NonProfiledCodeHeapSize                  = 122909434                              {pd product} {ergonomic}
    uintx ProfiledCodeHeapSize                     = 122909434                              {pd product} {ergonomic}
    uintx ReservedCodeCacheSize                    = 251658240                              {pd product} {ergonomic}
     bool SegmentedCodeCache                       = true                                      {product} {ergonomic}
   size_t SoftMaxHeapSize                          = 4217372672                             {manageable} {ergonomic}
     bool UseCompressedClassPointers               = true                           {product lp64_product} {ergonomic}
     bool UseCompressedOops                        = true                           {product lp64_product} {ergonomic}
     bool UseG1GC                                  = true                                      {product} {ergonomic}
     bool UseLargePagesIndividualAllocation        = false                                  {pd product} {ergonomic}

Logging:
Log output configuration:
 #0: stdout all=warning uptime,level,tags
 #1: stderr all=off uptime,level,tags

Environment Variables:
PATH=C:\Program Files\Common Files\Oracle\Java\javapath;C:\Program Files (x86)\Common Files\Oracle\Java\javapath;C:\Program Files (x86)\NVIDIA Corporation\PhysX\Common;C:\Windows\system32;C:\Windows;C:\Windows\System32\Wbem;C:\Windows\System32\WindowsPowerShell\v1.0\;C:\Windows\System32\OpenSSH\;C:\Program Files\NVIDIA Corporation\NVIDIA NvDLISR;C:\Program Files\Microsoft SQL Server\Client SDK\ODBC\170\Tools\Binn\;C:\Program Files (x86)\Microsoft SQL Server\150\Tools\Binn\;C:\Program Files\Microsoft SQL Server\150\Tools\Binn\;C:\Program Files\Microsoft SQL Server\150\DTS\Binn\;C:\Program Files (x86)\Windows Kits\8.1\Windows Performance Toolkit\;C:\Program Files\PuTTY\;C:\Program Files\nodejs\;C:\Program Files\Git\cmd;C:\WINDOWS\system32;C:\WINDOWS;C:\WINDOWS\System32\Wbem;C:\WINDOWS\System32\WindowsPowerShell\v1.0\;C:\WINDOWS\System32\OpenSSH\;C:\Users\Uri\AppData\Local\Programs\Python\Python310\Scripts\;C:\Users\Uri\AppData\Local\Programs\Python\Python310\;C:\Users\Uri\AppData\Local\Microsoft\WindowsApps;C:\Users\Uri\AppData\Local\Programs\Microsoft VS Code\bin;C:\Users\Uri\AppData\Roaming\npm;C:\Users\Uri\Downloads\flutter\bin;
USERNAME=Uri
OS=Windows_NT
PROCESSOR_IDENTIFIER=Intel64 Family 6 Model 141 Stepping 1, GenuineIntel
TMP=C:\Users\Uri\AppData\Local\Temp
TEMP=C:\Users\Uri\AppData\Local\Temp


JNI global refs:
JNI global refs: 0, weak refs: 0

JNI global refs memory usage: 0, weak refs: 0

OOME stack traces (most recent first):
Classloader memory used:


---------------  S Y S T E M  ---------------

OS:
 Windows 11 , 64 bit Build 22621 (10.0.22621.3374)
OS uptime: 5 days 2:10 hours

CPU: total 12 (initial active 12) (6 cores per cpu, 2 threads per core) family 6 model 141 stepping 1 microcode 0x34, cx8, cmov, fxsr, ht, mmx, 3dnowpref, sse, sse2, sse3, ssse3, sse4.1, sse4.2, popcnt, lzcnt, tsc, tscinvbit, avx, avx2, aes, erms, clmul, bmi1, bmi2, adx, avx512f, avx512dq, avx512cd, avx512bw, avx512vl, sha, fma, vzeroupper, avx512_vpopcntdq, avx512_vpclmulqdq, avx512_vaes, avx512_vnni, clflush, clflushopt, clwb, avx512_vbmi2, avx512_vbmi

Memory: 4k page, system-wide physical 16085M (819M free)
TotalPageFile size 43581M (AvailPageFile size 159M)
current process WorkingSet (physical memory assigned to process): 11M, peak: 11M
current process commit charge ("private bytes"): 64M, peak: 316M

vm_info: OpenJDK 64-Bit Server VM (17.0.7+0-b2043.56-10550314) for windows-amd64 JRE (17.0.7+0-b2043.56-10550314), built on Jul 24 2023 18:27:45 by "androidbuild" with MS VC++ 16.10 / 16.11 (VS2019)

END.
