#
# There is insufficient memory for the Java Runtime Environment to continue.
# Native memory allocation (malloc) failed to allocate 1714096 bytes for Chunk::new
# Possible reasons:
#   The system is out of physical RAM or swap space
#   The process is running with CompressedOops enabled, and the Java Heap may be blocking the growth of the native heap
# Possible solutions:
#   Reduce memory load on the system
#   Increase physical memory or swap space
#   Check if swap backing store is full
#   Decrease Java heap size (-Xmx/-Xms)
#   Decrease number of Java threads
#   Decrease Java thread stack sizes (-Xss)
#   Set larger code cache with -XX:ReservedCodeCacheSize=
#   JVM is running with Zero Based Compressed Oops mode in which the Java heap is
#     placed in the first 32GB address space. The Java Heap base address is the
#     maximum limit for the native heap growth. Please use -XX:HeapBaseMinAddress
#     to set the Java Heap base and to place the Java Heap above 32GB virtual address.
# This output file may be truncated or incomplete.
#
#  Out of Memory Error (arena.cpp:189), pid=15068, tid=8700
#
# JRE version: OpenJDK Runtime Environment (17.0.7) (build 17.0.7+0-b2043.56-10550314)
# Java VM: OpenJDK 64-Bit Server VM (17.0.7+0-b2043.56-10550314, mixed mode, tiered, compressed oops, compressed class ptrs, g1 gc, windows-amd64)
# No core dump will be written. Minidumps are not enabled by default on client versions of Windows
#

---------------  S U M M A R Y ------------

Command Line: org.jetbrains.kotlin.cli.jvm.K2JVMCompiler @C:\Users\Uri\Portfolio\Cripto\app\build\20240507_17547222740328288.compiler.options

Host: 11th Gen Intel(R) Core(TM) i5-11400H @ 2.70GHz, 12 cores, 15G,  Windows 11 , 64 bit Build 22621 (10.0.22621.3374)
Time: Tue May  7 15:32:46 2024 Turkey Standard Time elapsed time: 5.008834 seconds (0d 0h 0m 5s)

---------------  T H R E A D  ---------------

Current thread (0x00000212425f3560):  JavaThread "C2 CompilerThread2" daemon [_thread_in_native, id=8700, stack(0x000000dea7e00000,0x000000dea7f00000)]


Current CompileTask:
C2:   5008 8261   !   4       jdk.internal.loader.BuiltinClassLoader::findClassOnClassPathOrNull (64 bytes)

Stack: [0x000000dea7e00000,0x000000dea7f00000]
Native frames: (J=compiled Java code, j=interpreted, Vv=VM code, C=native code)
V  [jvm.dll+0x683bfa]
V  [jvm.dll+0x8430a4]
V  [jvm.dll+0x8449be]
V  [jvm.dll+0x845023]
V  [jvm.dll+0x24ad2f]
V  [jvm.dll+0xac25c]
V  [jvm.dll+0xac82c]
V  [jvm.dll+0x36a132]
V  [jvm.dll+0x334821]
V  [jvm.dll+0x333cca]
V  [jvm.dll+0x21d251]
V  [jvm.dll+0x21c671]
V  [jvm.dll+0x1a605d]
V  [jvm.dll+0x22c148]
V  [jvm.dll+0x22a209]
V  [jvm.dll+0x7f858c]
V  [jvm.dll+0x7f2aea]
V  [jvm.dll+0x682a35]
C  [ucrtbase.dll+0x29333]
C  [KERNEL32.DLL+0x1257d]
C  [ntdll.dll+0x5aa48]


---------------  P R O C E S S  ---------------

Threads class SMR info:
_java_thread_list=0x0000021242497170, length=14, elements={
0x000002121d8deab0, 0x000002123c66fd60, 0x000002123c670820, 0x000002123c6c7330,
0x000002123c6c7df0, 0x000002123c6ce8d0, 0x000002123c6cf280, 0x000002123c6d0a40,
0x000002123c6d49b0, 0x000002123c6d52b0, 0x000002123c84d060, 0x000002123c84f950,
0x000002123c929d40, 0x00000212425f3560
}

Java Threads: ( => current thread )
  0x000002121d8deab0 JavaThread "main" [_thread_in_Java, id=22916, stack(0x000000dea6500000,0x000000dea6600000)]
  0x000002123c66fd60 JavaThread "Reference Handler" daemon [_thread_blocked, id=24496, stack(0x000000dea6c00000,0x000000dea6d00000)]
  0x000002123c670820 JavaThread "Finalizer" daemon [_thread_blocked, id=28328, stack(0x000000dea6d00000,0x000000dea6e00000)]
  0x000002123c6c7330 JavaThread "Signal Dispatcher" daemon [_thread_blocked, id=20380, stack(0x000000dea6e00000,0x000000dea6f00000)]
  0x000002123c6c7df0 JavaThread "Attach Listener" daemon [_thread_blocked, id=10392, stack(0x000000dea6f00000,0x000000dea7000000)]
  0x000002123c6ce8d0 JavaThread "Service Thread" daemon [_thread_blocked, id=28396, stack(0x000000dea7000000,0x000000dea7100000)]
  0x000002123c6cf280 JavaThread "Monitor Deflation Thread" daemon [_thread_blocked, id=29484, stack(0x000000dea7100000,0x000000dea7200000)]
  0x000002123c6d0a40 JavaThread "C2 CompilerThread0" daemon [_thread_blocked, id=18548, stack(0x000000dea7200000,0x000000dea7300000)]
  0x000002123c6d49b0 JavaThread "C1 CompilerThread0" daemon [_thread_in_vm, id=1436, stack(0x000000dea7300000,0x000000dea7400000)]
  0x000002123c6d52b0 JavaThread "Sweeper thread" daemon [_thread_blocked, id=24552, stack(0x000000dea7400000,0x000000dea7500000)]
  0x000002123c84d060 JavaThread "Notification Thread" daemon [_thread_blocked, id=30392, stack(0x000000dea7500000,0x000000dea7600000)]
  0x000002123c84f950 JavaThread "Common-Cleaner" daemon [_thread_blocked, id=3108, stack(0x000000dea7700000,0x000000dea7800000)]
  0x000002123c929d40 JavaThread "C2 CompilerThread1" daemon [_thread_in_native, id=17272, stack(0x000000dea7800000,0x000000dea7900000)]
=>0x00000212425f3560 JavaThread "C2 CompilerThread2" daemon [_thread_in_native, id=8700, stack(0x000000dea7e00000,0x000000dea7f00000)]

Other Threads:
  0x000002123c4feb20 VMThread "VM Thread" [stack: 0x000000dea6b00000,0x000000dea6c00000] [id=7880]
  0x000002121d9646e0 WatcherThread [stack: 0x000000dea7600000,0x000000dea7700000] [id=24300]
  0x000002121d94cf60 GCTaskThread "GC Thread#0" [stack: 0x000000dea6600000,0x000000dea6700000] [id=16684]
  0x00000212412d4bb0 GCTaskThread "GC Thread#1" [stack: 0x000000dea7900000,0x000000dea7a00000] [id=28976]
  0x00000212412d4e60 GCTaskThread "GC Thread#2" [stack: 0x000000dea7a00000,0x000000dea7b00000] [id=14156]
  0x0000021241356020 GCTaskThread "GC Thread#3" [stack: 0x000000dea7b00000,0x000000dea7c00000] [id=17608]
  0x00000212413562d0 GCTaskThread "GC Thread#4" [stack: 0x000000dea7c00000,0x000000dea7d00000] [id=21564]
  0x0000021241356580 GCTaskThread "GC Thread#5" [stack: 0x000000dea7d00000,0x000000dea7e00000] [id=18444]
  0x00000212415ea1c0 GCTaskThread "GC Thread#6" [stack: 0x000000dea7f00000,0x000000dea8000000] [id=8596]
  0x00000212415e91a0 GCTaskThread "GC Thread#7" [stack: 0x000000dea8000000,0x000000dea8100000] [id=19388]
  0x00000212415e99b0 GCTaskThread "GC Thread#8" [stack: 0x000000dea8100000,0x000000dea8200000] [id=1860]
  0x00000212415e9450 GCTaskThread "GC Thread#9" [stack: 0x000000dea8400000,0x000000dea8500000] [id=23772]
  0x000002121d95d9f0 ConcurrentGCThread "G1 Main Marker" [stack: 0x000000dea6700000,0x000000dea6800000] [id=25016]
  0x000002121d95e400 ConcurrentGCThread "G1 Conc#0" [stack: 0x000000dea6800000,0x000000dea6900000] [id=13672]
  0x00000212415e86e0 ConcurrentGCThread "G1 Conc#1" [stack: 0x000000dea8200000,0x000000dea8300000] [id=32072]
  0x00000212415e8990 ConcurrentGCThread "G1 Conc#2" [stack: 0x000000dea8300000,0x000000dea8400000] [id=8936]
  0x000002123c3a1160 ConcurrentGCThread "G1 Refine#0" [stack: 0x000000dea6900000,0x000000dea6a00000] [id=7660]
  0x000002123c3a1b80 ConcurrentGCThread "G1 Service" [stack: 0x000000dea6a00000,0x000000dea6b00000] [id=15872]

Threads with active compile tasks:
C2 CompilerThread1     5018 8208       4       jdk.internal.loader.BuiltinClassLoader::defineClass (121 bytes)
C2 CompilerThread2     5018 8261   !   4       jdk.internal.loader.BuiltinClassLoader::findClassOnClassPathOrNull (64 bytes)

VM state: not at safepoint (normal execution)

VM Mutex/Monitor currently owned by a thread: None

Heap address: 0x0000000704a00000, size: 4022 MB, Compressed Oops mode: Zero based, Oop shift amount: 3

CDS archive(s) not mapped
Compressed class space mapped at: 0x0000000800000000-0x0000000840000000, reserved size: 1073741824
Narrow klass base: 0x0000000800000000, Narrow klass shift: 0, Narrow klass range: 0x40000000

GC Precious Log:
 CPUs: 12 total, 12 available
 Memory: 16085M
 Large Page Support: Disabled
 NUMA Support: Disabled
 Compressed Oops: Enabled (Zero based)
 Heap Region Size: 2M
 Heap Min Capacity: 8M
 Heap Initial Capacity: 252M
 Heap Max Capacity: 4022M
 Pre-touch: Disabled
 Parallel Workers: 10
 Concurrent Workers: 3
 Concurrent Refinement Workers: 10
 Periodic GC: Disabled

Heap:
 garbage-first heap   total 131072K, used 58427K [0x0000000704a00000, 0x0000000800000000)
  region size 2048K, 5 young (10240K), 3 survivors (6144K)
 Metaspace       used 74215K, committed 74624K, reserved 1179648K
  class space    used 8769K, committed 8960K, reserved 1048576K

Heap Regions: E=young(eden), S=young(survivor), O=old, HS=humongous(starts), HC=humongous(continues), CS=collection set, F=free, OA=open archive, CA=closed archive, TAMS=top-at-mark-start (previous, next)
|   0|0x0000000704a00000, 0x0000000704c00000, 0x0000000704c00000|100%|HS|  |TAMS 0x0000000704c00000, 0x0000000704a00000| Complete 
|   1|0x0000000704c00000, 0x0000000704e00000, 0x0000000704e00000|100%|HC|  |TAMS 0x0000000704e00000, 0x0000000704c00000| Complete 
|   2|0x0000000704e00000, 0x0000000704f28c00, 0x0000000705000000| 57%| O|  |TAMS 0x0000000704f28c00, 0x0000000704e00000| Untracked 
|   3|0x0000000705000000, 0x0000000705200000, 0x0000000705200000|100%| O|  |TAMS 0x0000000705200000, 0x0000000705000000| Untracked 
|   4|0x0000000705200000, 0x0000000705400000, 0x0000000705400000|100%| O|  |TAMS 0x0000000705400000, 0x0000000705200000| Untracked 
|   5|0x0000000705400000, 0x0000000705600000, 0x0000000705600000|100%| O|  |TAMS 0x0000000705600000, 0x0000000705400000| Untracked 
|   6|0x0000000705600000, 0x0000000705800000, 0x0000000705800000|100%| O|  |TAMS 0x0000000705800000, 0x0000000705600000| Untracked 
|   7|0x0000000705800000, 0x0000000705a00000, 0x0000000705a00000|100%| O|  |TAMS 0x0000000705a00000, 0x0000000705800000| Untracked 
|   8|0x0000000705a00000, 0x0000000705c00000, 0x0000000705c00000|100%| O|  |TAMS 0x0000000705c00000, 0x0000000705a00000| Untracked 
|   9|0x0000000705c00000, 0x0000000705e00000, 0x0000000705e00000|100%|HS|  |TAMS 0x0000000705e00000, 0x0000000705c00000| Complete 
|  10|0x0000000705e00000, 0x0000000706000000, 0x0000000706000000|100%| O|  |TAMS 0x0000000706000000, 0x0000000705e00000| Untracked 
|  11|0x0000000706000000, 0x0000000706200000, 0x0000000706200000|100%| O|  |TAMS 0x0000000706200000, 0x0000000706000000| Untracked 
|  12|0x0000000706200000, 0x0000000706400000, 0x0000000706400000|100%| O|  |TAMS 0x0000000706400000, 0x0000000706200000| Untracked 
|  13|0x0000000706400000, 0x0000000706600000, 0x0000000706600000|100%| O|  |TAMS 0x0000000706600000, 0x0000000706400000| Untracked 
|  14|0x0000000706600000, 0x0000000706800000, 0x0000000706800000|100%| O|  |TAMS 0x0000000706800000, 0x0000000706600000| Untracked 
|  15|0x0000000706800000, 0x0000000706a00000, 0x0000000706a00000|100%| O|  |TAMS 0x0000000706a00000, 0x0000000706800000| Untracked 
|  16|0x0000000706a00000, 0x0000000706c00000, 0x0000000706c00000|100%| O|  |TAMS 0x0000000706ace800, 0x0000000706a00000| Untracked 
|  17|0x0000000706c00000, 0x0000000706e00000, 0x0000000706e00000|100%| O|  |TAMS 0x0000000706c00000, 0x0000000706c00000| Untracked 
|  18|0x0000000706e00000, 0x0000000707000000, 0x0000000707000000|100%| O|  |TAMS 0x0000000706e00000, 0x0000000706e00000| Untracked 
|  19|0x0000000707000000, 0x0000000707200000, 0x0000000707200000|100%| O|  |TAMS 0x0000000707000000, 0x0000000707000000| Untracked 
|  20|0x0000000707200000, 0x0000000707400000, 0x0000000707400000|100%| O|  |TAMS 0x0000000707200000, 0x0000000707200000| Untracked 
|  21|0x0000000707400000, 0x0000000707600000, 0x0000000707600000|100%| O|  |TAMS 0x0000000707400000, 0x0000000707400000| Untracked 
|  22|0x0000000707600000, 0x0000000707800000, 0x0000000707800000|100%| O|  |TAMS 0x0000000707600000, 0x0000000707600000| Untracked 
|  23|0x0000000707800000, 0x0000000707a00000, 0x0000000707a00000|100%| O|  |TAMS 0x0000000707800000, 0x0000000707800000| Untracked 
|  24|0x0000000707a00000, 0x0000000707c00000, 0x0000000707c00000|100%| O|  |TAMS 0x0000000707a00000, 0x0000000707a00000| Untracked 
|  25|0x0000000707c00000, 0x0000000707c67a08, 0x0000000707e00000| 20%| O|  |TAMS 0x0000000707c00000, 0x0000000707c00000| Untracked 
|  26|0x0000000707e00000, 0x0000000707e00000, 0x0000000708000000|  0%| F|  |TAMS 0x0000000707e00000, 0x0000000707e00000| Untracked 
|  27|0x0000000708000000, 0x0000000708000000, 0x0000000708200000|  0%| F|  |TAMS 0x0000000708000000, 0x0000000708000000| Untracked 
|  28|0x0000000708200000, 0x0000000708200000, 0x0000000708400000|  0%| F|  |TAMS 0x0000000708200000, 0x0000000708200000| Untracked 
|  29|0x0000000708400000, 0x0000000708400000, 0x0000000708600000|  0%| F|  |TAMS 0x0000000708400000, 0x0000000708400000| Untracked 
|  30|0x0000000708600000, 0x0000000708600000, 0x0000000708800000|  0%| F|  |TAMS 0x0000000708600000, 0x0000000708600000| Untracked 
|  31|0x0000000708800000, 0x0000000708800000, 0x0000000708a00000|  0%| F|  |TAMS 0x0000000708800000, 0x0000000708800000| Untracked 
|  32|0x0000000708a00000, 0x0000000708a00000, 0x0000000708c00000|  0%| F|  |TAMS 0x0000000708a00000, 0x0000000708a00000| Untracked 
|  33|0x0000000708c00000, 0x0000000708c00000, 0x0000000708e00000|  0%| F|  |TAMS 0x0000000708c00000, 0x0000000708c00000| Untracked 
|  34|0x0000000708e00000, 0x0000000708e00000, 0x0000000709000000|  0%| F|  |TAMS 0x0000000708e00000, 0x0000000708e00000| Untracked 
|  35|0x0000000709000000, 0x000000070917e840, 0x0000000709200000| 74%| S|CS|TAMS 0x0000000709000000, 0x0000000709000000| Complete 
|  36|0x0000000709200000, 0x0000000709200000, 0x0000000709400000|  0%| F|  |TAMS 0x0000000709200000, 0x0000000709200000| Untracked 
|  37|0x0000000709400000, 0x0000000709400000, 0x0000000709600000|  0%| F|  |TAMS 0x0000000709400000, 0x0000000709400000| Untracked 
|  38|0x0000000709600000, 0x0000000709600000, 0x0000000709800000|  0%| F|  |TAMS 0x0000000709600000, 0x0000000709600000| Untracked 
|  39|0x0000000709800000, 0x0000000709a00000, 0x0000000709a00000|100%| S|CS|TAMS 0x0000000709800000, 0x0000000709800000| Complete 
|  40|0x0000000709a00000, 0x0000000709c00000, 0x0000000709c00000|100%| S|CS|TAMS 0x0000000709a00000, 0x0000000709a00000| Complete 
|  41|0x0000000709c00000, 0x0000000709c00000, 0x0000000709e00000|  0%| F|  |TAMS 0x0000000709c00000, 0x0000000709c00000| Untracked 
|  42|0x0000000709e00000, 0x0000000709e00000, 0x000000070a000000|  0%| F|  |TAMS 0x0000000709e00000, 0x0000000709e00000| Untracked 
|  43|0x000000070a000000, 0x000000070a000000, 0x000000070a200000|  0%| F|  |TAMS 0x000000070a000000, 0x000000070a000000| Untracked 
|  44|0x000000070a200000, 0x000000070a200000, 0x000000070a400000|  0%| F|  |TAMS 0x000000070a200000, 0x000000070a200000| Untracked 
|  45|0x000000070a400000, 0x000000070a400000, 0x000000070a600000|  0%| F|  |TAMS 0x000000070a400000, 0x000000070a400000| Untracked 
|  46|0x000000070a600000, 0x000000070a600000, 0x000000070a800000|  0%| F|  |TAMS 0x000000070a600000, 0x000000070a600000| Untracked 
|  47|0x000000070a800000, 0x000000070a800000, 0x000000070aa00000|  0%| F|  |TAMS 0x000000070a800000, 0x000000070a800000| Untracked 
|  48|0x000000070aa00000, 0x000000070aa00000, 0x000000070ac00000|  0%| F|  |TAMS 0x000000070aa00000, 0x000000070aa00000| Untracked 
|  49|0x000000070ac00000, 0x000000070ac00000, 0x000000070ae00000|  0%| F|  |TAMS 0x000000070ac00000, 0x000000070ac00000| Untracked 
|  50|0x000000070ae00000, 0x000000070ae00000, 0x000000070b000000|  0%| F|  |TAMS 0x000000070ae00000, 0x000000070ae00000| Untracked 
|  51|0x000000070b000000, 0x000000070b000000, 0x000000070b200000|  0%| F|  |TAMS 0x000000070b000000, 0x000000070b000000| Untracked 
|  52|0x000000070b200000, 0x000000070b200000, 0x000000070b400000|  0%| F|  |TAMS 0x000000070b200000, 0x000000070b200000| Untracked 
|  53|0x000000070b400000, 0x000000070b400000, 0x000000070b600000|  0%| F|  |TAMS 0x000000070b400000, 0x000000070b400000| Untracked 
|  54|0x000000070b600000, 0x000000070b600000, 0x000000070b800000|  0%| F|  |TAMS 0x000000070b600000, 0x000000070b600000| Untracked 
|  55|0x000000070b800000, 0x000000070b800000, 0x000000070ba00000|  0%| F|  |TAMS 0x000000070b800000, 0x000000070b800000| Untracked 
|  56|0x000000070ba00000, 0x000000070ba00000, 0x000000070bc00000|  0%| F|  |TAMS 0x000000070ba00000, 0x000000070ba00000| Untracked 
|  57|0x000000070bc00000, 0x000000070bc00000, 0x000000070be00000|  0%| F|  |TAMS 0x000000070bc00000, 0x000000070bc00000| Untracked 
|  58|0x000000070be00000, 0x000000070be00000, 0x000000070c000000|  0%| F|  |TAMS 0x000000070be00000, 0x000000070be00000| Untracked 
|  59|0x000000070c000000, 0x000000070c000000, 0x000000070c200000|  0%| F|  |TAMS 0x000000070c000000, 0x000000070c000000| Untracked 
|  60|0x000000070c200000, 0x000000070c200000, 0x000000070c400000|  0%| F|  |TAMS 0x000000070c200000, 0x000000070c200000| Untracked 
|  61|0x000000070c400000, 0x000000070c400000, 0x000000070c600000|  0%| F|  |TAMS 0x000000070c400000, 0x000000070c400000| Untracked 
| 106|0x0000000711e00000, 0x0000000711ece408, 0x0000000712000000| 40%| E|  |TAMS 0x0000000711e00000, 0x0000000711e00000| Complete 
| 125|0x0000000714400000, 0x0000000714600000, 0x0000000714600000|100%| E|CS|TAMS 0x0000000714400000, 0x0000000714400000| Complete 

Card table byte_map: [0x0000021230ae0000,0x00000212312c0000] _byte_map_base: 0x000002122d2bb000

Marking Bits (Prev, Next): (CMBitMap*) 0x000002121d94d5b0, (CMBitMap*) 0x000002121d94d570
 Prev Bits: [0x0000021235980000, 0x0000021239858000)
 Next Bits: [0x0000021231aa0000, 0x0000021235978000)

Polling page: 0x000002121d0a0000

Metaspace:

Usage:
  Non-class:     63.94 MB used.
      Class:      8.57 MB used.
       Both:     72.51 MB used.

Virtual space:
  Non-class space:      128.00 MB reserved,      64.12 MB ( 50%) committed,  2 nodes.
      Class space:        1.00 GB reserved,       8.75 MB ( <1%) committed,  1 nodes.
             Both:        1.12 GB reserved,      72.88 MB (  6%) committed. 

Chunk freelists:
   Non-Class:  15.25 MB
       Class:  7.30 MB
        Both:  22.55 MB

MaxMetaspaceSize: unlimited
CompressedClassSpaceSize: 1.00 GB
Initial GC threshold: 21.00 MB
Current GC threshold: 90.88 MB
CDS: off
MetaspaceReclaimPolicy: balanced
 - commit_granule_bytes: 65536.
 - commit_granule_words: 8192.
 - virtual_space_node_default_size: 8388608.
 - enlarge_chunks_in_place: 1.
 - new_chunks_are_fully_committed: 0.
 - uncommit_free_chunks: 1.
 - use_allocation_guard: 0.
 - handle_deallocations: 1.


Internal statistics:

num_allocs_failed_limit: 6.
num_arena_births: 404.
num_arena_deaths: 0.
num_vsnodes_births: 3.
num_vsnodes_deaths: 0.
num_space_committed: 1164.
num_space_uncommitted: 0.
num_chunks_returned_to_freelist: 6.
num_chunks_taken_from_freelist: 2733.
num_chunk_merges: 6.
num_chunk_splits: 2250.
num_chunks_enlarged: 1982.
num_inconsistent_stats: 0.

CodeHeap 'non-profiled nmethods': size=120000Kb used=3668Kb max_used=4189Kb free=116331Kb
 bounds [0x0000021228880000, 0x0000021228ca0000, 0x000002122fdb0000]
CodeHeap 'profiled nmethods': size=120000Kb used=16930Kb max_used=18537Kb free=103069Kb
 bounds [0x0000021220db0000, 0x0000021221fd0000, 0x00000212282e0000]
CodeHeap 'non-nmethods': size=5760Kb used=1397Kb max_used=1465Kb free=4362Kb
 bounds [0x00000212282e0000, 0x0000021228550000, 0x0000021228880000]
 total_blobs=7851 nmethods=7132 adapters=628
 compilation: enabled
              stopped_count=0, restarted_count=0
 full_count=0

Compilation events (20 events):
Event: 4.995 Thread 0x000002123c6d0a40 8381       4       org.jetbrains.kotlin.backend.common.ClassLoweringVisitor::visitElement (15 bytes)
Event: 4.999 Thread 0x000002123c6d0a40 nmethod 8381 0x0000021228b74c90 code [0x0000021228b74e00, 0x0000021228b74eb8]
Event: 4.999 Thread 0x000002123c6d49b0 nmethod 8385 0x0000021221999e10 code [0x000002122199a440, 0x000002122199dd28]
Event: 4.999 Thread 0x000002123c6d0a40 8389       4       org.jetbrains.kotlin.ir.visitors.IrElementTransformerVoid::visitExpression (18 bytes)
Event: 5.000 Thread 0x000002123c6d49b0 8387       3       org.jetbrains.kotlin.backend.jvm.lower.JvmPropertiesLowering$visitClassNew$1::invoke (9 bytes)
Event: 5.000 Thread 0x000002123c6d49b0 nmethod 8387 0x0000021221621490 code [0x0000021221621640, 0x0000021221621888]
Event: 5.000 Thread 0x000002123c6d49b0 8388       3       org.jetbrains.kotlin.backend.jvm.lower.JvmPropertiesLowering$visitClassNew$1::invoke (36 bytes)
Event: 5.000 Thread 0x000002123c6d0a40 nmethod 8389 0x0000021228b74910 code [0x0000021228b74a80, 0x0000021228b74b38]
Event: 5.001 Thread 0x000002123c6d49b0 nmethod 8388 0x00000212219eba10 code [0x00000212219ebc60, 0x00000212219ec638]
Event: 5.001 Thread 0x000002123c6d49b0 8390       3       org.jetbrains.kotlin.ir.declarations.IrTypeParameter::transform (10 bytes)
Event: 5.001 Thread 0x000002123c6d49b0 nmethod 8390 0x00000212215c3790 code [0x00000212215c3ac0, 0x00000212215c4e58]
Event: 5.001 Thread 0x000002123c6d49b0 8386       1       org.jetbrains.kotlin.ir.declarations.impl.IrPropertyCommonImpl::getAnnotations (5 bytes)
Event: 5.002 Thread 0x000002123c6d49b0 nmethod 8386 0x0000021228bdb690 code [0x0000021228bdb820, 0x0000021228bdb8f8]
Event: 5.002 Thread 0x000002123c6d49b0 8391       1       org.jetbrains.kotlin.backend.common.phaser.PhaserState::getPhaseCount (5 bytes)
Event: 5.002 Thread 0x000002123c6d49b0 nmethod 8391 0x0000021228bdb390 code [0x0000021228bdb520, 0x0000021228bdb5f8]
Event: 5.002 Thread 0x000002123c6d49b0 8392       1       org.jetbrains.kotlin.ir.declarations.impl.IrFileImpl::getFqName (5 bytes)
Event: 5.003 Thread 0x000002123c6d49b0 nmethod 8392 0x0000021228bdb010 code [0x0000021228bdb1a0, 0x0000021228bdb278]
Event: 5.003 Thread 0x000002123c6d0a40 8393       4       org.jetbrains.kotlin.ir.declarations.impl.IrFunctionImpl::getSymbol (8 bytes)
Event: 5.003 Thread 0x000002123c6d0a40 nmethod 8393 0x0000021228b88a10 code [0x0000021228b88b80, 0x0000021228b88c38]
Event: 5.007 Thread 0x000002123c6d0a40 8394       4       org.jetbrains.kotlin.utils.ThreadLocalDelegate::getValue (72 bytes)

GC Heap History (20 events):
Event: 1.586 GC heap before
{Heap before GC invocations=6 (full 0):
 garbage-first heap   total 40960K, used 27802K [0x0000000704a00000, 0x0000000800000000)
  region size 2048K, 7 young (14336K), 1 survivors (2048K)
 Metaspace       used 35330K, committed 35584K, reserved 1114112K
  class space    used 4559K, committed 4672K, reserved 1048576K
}
Event: 1.591 GC heap after
{Heap after GC invocations=7 (full 0):
 garbage-first heap   total 40960K, used 17605K [0x0000000704a00000, 0x0000000800000000)
  region size 2048K, 1 young (2048K), 1 survivors (2048K)
 Metaspace       used 35330K, committed 35584K, reserved 1114112K
  class space    used 4559K, committed 4672K, reserved 1048576K
}
Event: 1.613 GC heap before
{Heap before GC invocations=7 (full 0):
 garbage-first heap   total 40960K, used 17605K [0x0000000704a00000, 0x0000000800000000)
  region size 2048K, 2 young (4096K), 1 survivors (2048K)
 Metaspace       used 35731K, committed 35968K, reserved 1114112K
  class space    used 4606K, committed 4736K, reserved 1048576K
}
Event: 1.615 GC heap after
{Heap after GC invocations=8 (full 0):
 garbage-first heap   total 149504K, used 18212K [0x0000000704a00000, 0x0000000800000000)
  region size 2048K, 1 young (2048K), 1 survivors (2048K)
 Metaspace       used 35731K, committed 35968K, reserved 1114112K
  class space    used 4606K, committed 4736K, reserved 1048576K
}
Event: 2.171 GC heap before
{Heap before GC invocations=9 (full 0):
 garbage-first heap   total 75776K, used 61220K [0x0000000704a00000, 0x0000000800000000)
  region size 2048K, 22 young (45056K), 1 survivors (2048K)
 Metaspace       used 45493K, committed 45696K, reserved 1114112K
  class space    used 5646K, committed 5760K, reserved 1048576K
}
Event: 2.177 GC heap after
{Heap after GC invocations=10 (full 0):
 garbage-first heap   total 75776K, used 21340K [0x0000000704a00000, 0x0000000800000000)
  region size 2048K, 2 young (4096K), 2 survivors (4096K)
 Metaspace       used 45493K, committed 45696K, reserved 1114112K
  class space    used 5646K, committed 5760K, reserved 1048576K
}
Event: 2.569 GC heap before
{Heap before GC invocations=10 (full 0):
 garbage-first heap   total 75776K, used 56156K [0x0000000704a00000, 0x0000000800000000)
  region size 2048K, 18 young (36864K), 2 survivors (4096K)
 Metaspace       used 51918K, committed 52096K, reserved 1114112K
  class space    used 6378K, committed 6464K, reserved 1048576K
}
Event: 2.579 GC heap after
{Heap after GC invocations=11 (full 0):
 garbage-first heap   total 75776K, used 28557K [0x0000000704a00000, 0x0000000800000000)
  region size 2048K, 3 young (6144K), 3 survivors (6144K)
 Metaspace       used 51918K, committed 52096K, reserved 1114112K
  class space    used 6378K, committed 6464K, reserved 1048576K
}
Event: 2.916 GC heap before
{Heap before GC invocations=11 (full 0):
 garbage-first heap   total 75776K, used 51085K [0x0000000704a00000, 0x0000000800000000)
  region size 2048K, 15 young (30720K), 3 survivors (6144K)
 Metaspace       used 54739K, committed 54912K, reserved 1114112K
  class space    used 6657K, committed 6720K, reserved 1048576K
}
Event: 2.925 GC heap after
{Heap after GC invocations=12 (full 0):
 garbage-first heap   total 75776K, used 32475K [0x0000000704a00000, 0x0000000800000000)
  region size 2048K, 2 young (4096K), 2 survivors (4096K)
 Metaspace       used 54739K, committed 54912K, reserved 1114112K
  class space    used 6657K, committed 6720K, reserved 1048576K
}
Event: 2.969 GC heap before
{Heap before GC invocations=12 (full 0):
 garbage-first heap   total 75776K, used 52955K [0x0000000704a00000, 0x0000000800000000)
  region size 2048K, 13 young (26624K), 2 survivors (4096K)
 Metaspace       used 54839K, committed 55040K, reserved 1114112K
  class space    used 6657K, committed 6720K, reserved 1048576K
}
Event: 2.976 GC heap after
{Heap after GC invocations=13 (full 0):
 garbage-first heap   total 75776K, used 34781K [0x0000000704a00000, 0x0000000800000000)
  region size 2048K, 1 young (2048K), 1 survivors (2048K)
 Metaspace       used 54839K, committed 55040K, reserved 1114112K
  class space    used 6657K, committed 6720K, reserved 1048576K
}
Event: 3.133 GC heap before
{Heap before GC invocations=13 (full 0):
 garbage-first heap   total 75776K, used 55261K [0x0000000704a00000, 0x0000000800000000)
  region size 2048K, 11 young (22528K), 1 survivors (2048K)
 Metaspace       used 55412K, committed 55616K, reserved 1114112K
  class space    used 6686K, committed 6784K, reserved 1048576K
}
Event: 3.139 GC heap after
{Heap after GC invocations=14 (full 0):
 garbage-first heap   total 131072K, used 37228K [0x0000000704a00000, 0x0000000800000000)
  region size 2048K, 2 young (4096K), 2 survivors (4096K)
 Metaspace       used 55412K, committed 55616K, reserved 1114112K
  class space    used 6686K, committed 6784K, reserved 1048576K
}
Event: 3.658 GC heap before
{Heap before GC invocations=15 (full 0):
 garbage-first heap   total 131072K, used 94572K [0x0000000704a00000, 0x0000000800000000)
  region size 2048K, 30 young (61440K), 2 survivors (4096K)
 Metaspace       used 59375K, committed 59648K, reserved 1114112K
  class space    used 7154K, committed 7296K, reserved 1048576K
}
Event: 3.666 GC heap after
{Heap after GC invocations=16 (full 0):
 garbage-first heap   total 131072K, used 44332K [0x0000000704a00000, 0x0000000800000000)
  region size 2048K, 4 young (8192K), 4 survivors (8192K)
 Metaspace       used 59375K, committed 59648K, reserved 1114112K
  class space    used 7154K, committed 7296K, reserved 1048576K
}
Event: 4.358 GC heap before
{Heap before GC invocations=16 (full 0):
 garbage-first heap   total 131072K, used 93484K [0x0000000704a00000, 0x0000000800000000)
  region size 2048K, 29 young (59392K), 4 survivors (8192K)
 Metaspace       used 67809K, committed 68160K, reserved 1114112K
  class space    used 8029K, committed 8192K, reserved 1048576K
}
Event: 4.367 GC heap after
{Heap after GC invocations=17 (full 0):
 garbage-first heap   total 131072K, used 50661K [0x0000000704a00000, 0x0000000800000000)
  region size 2048K, 3 young (6144K), 3 survivors (6144K)
 Metaspace       used 67809K, committed 68160K, reserved 1114112K
  class space    used 8029K, committed 8192K, reserved 1048576K
}
Event: 4.964 GC heap before
{Heap before GC invocations=17 (full 0):
 garbage-first heap   total 131072K, used 97765K [0x0000000704a00000, 0x0000000800000000)
  region size 2048K, 26 young (53248K), 3 survivors (6144K)
 Metaspace       used 73654K, committed 73984K, reserved 1179648K
  class space    used 8684K, committed 8832K, reserved 1048576K
}
Event: 4.977 GC heap after
{Heap after GC invocations=18 (full 0):
 garbage-first heap   total 131072K, used 56379K [0x0000000704a00000, 0x0000000800000000)
  region size 2048K, 3 young (6144K), 3 survivors (6144K)
 Metaspace       used 73654K, committed 73984K, reserved 1179648K
  class space    used 8684K, committed 8832K, reserved 1048576K
}

Dll operation events (2 events):
Event: 0.005 Loaded shared library C:\Program Files\Android\Android Studio\jbr\bin\java.dll
Event: 1.078 Loaded shared library C:\Program Files\Android\Android Studio\jbr\bin\verify.dll

Deoptimization events (20 events):
Event: 4.868 Thread 0x000002121d8deab0 DEOPT PACKING pc=0x0000021228b7d7b4 sp=0x000000dea65fa490
Event: 4.868 Thread 0x000002121d8deab0 DEOPT UNPACKING pc=0x000002122833a1a3 sp=0x000000dea65fa400 mode 2
Event: 4.879 Thread 0x000002121d8deab0 Uncommon trap: trap_request=0xffffffc6 fr.pc=0x0000021228c00ae0 relative=0x00000000000010e0
Event: 4.879 Thread 0x000002121d8deab0 Uncommon trap: reason=bimorphic_or_optimized_type_check action=maybe_recompile pc=0x0000021228c00ae0 method=kotlin.collections.CollectionsKt___CollectionsKt.toSet(Ljava/lang/Iterable;)Ljava/util/Set; @ 71 c2
Event: 4.879 Thread 0x000002121d8deab0 DEOPT PACKING pc=0x0000021228c00ae0 sp=0x000000dea65fa500
Event: 4.879 Thread 0x000002121d8deab0 DEOPT UNPACKING pc=0x000002122833a1a3 sp=0x000000dea65fa4e0 mode 2
Event: 4.879 Thread 0x000002121d8deab0 Uncommon trap: trap_request=0xffffffc6 fr.pc=0x0000021228c00ae0 relative=0x00000000000010e0
Event: 4.879 Thread 0x000002121d8deab0 Uncommon trap: reason=bimorphic_or_optimized_type_check action=maybe_recompile pc=0x0000021228c00ae0 method=kotlin.collections.CollectionsKt___CollectionsKt.toSet(Ljava/lang/Iterable;)Ljava/util/Set; @ 71 c2
Event: 4.879 Thread 0x000002121d8deab0 DEOPT PACKING pc=0x0000021228c00ae0 sp=0x000000dea65fa480
Event: 4.879 Thread 0x000002121d8deab0 DEOPT UNPACKING pc=0x000002122833a1a3 sp=0x000000dea65fa460 mode 2
Event: 4.879 Thread 0x000002121d8deab0 Uncommon trap: trap_request=0xffffffc6 fr.pc=0x0000021228c00ae0 relative=0x00000000000010e0
Event: 4.879 Thread 0x000002121d8deab0 Uncommon trap: reason=bimorphic_or_optimized_type_check action=maybe_recompile pc=0x0000021228c00ae0 method=kotlin.collections.CollectionsKt___CollectionsKt.toSet(Ljava/lang/Iterable;)Ljava/util/Set; @ 71 c2
Event: 4.879 Thread 0x000002121d8deab0 DEOPT PACKING pc=0x0000021228c00ae0 sp=0x000000dea65fbe50
Event: 4.879 Thread 0x000002121d8deab0 DEOPT UNPACKING pc=0x000002122833a1a3 sp=0x000000dea65fbe30 mode 2
Event: 4.879 Thread 0x000002121d8deab0 Uncommon trap: trap_request=0xffffffc6 fr.pc=0x0000021228c00ae0 relative=0x00000000000010e0
Event: 4.879 Thread 0x000002121d8deab0 Uncommon trap: reason=bimorphic_or_optimized_type_check action=maybe_recompile pc=0x0000021228c00ae0 method=kotlin.collections.CollectionsKt___CollectionsKt.toSet(Ljava/lang/Iterable;)Ljava/util/Set; @ 71 c2
Event: 4.879 Thread 0x000002121d8deab0 DEOPT PACKING pc=0x0000021228c00ae0 sp=0x000000dea65fbdd0
Event: 4.879 Thread 0x000002121d8deab0 DEOPT UNPACKING pc=0x000002122833a1a3 sp=0x000000dea65fbdb0 mode 2
Event: 4.978 Thread 0x000002121d8deab0 DEOPT PACKING pc=0x0000021221410304 sp=0x000000dea65fbd10
Event: 4.978 Thread 0x000002121d8deab0 DEOPT UNPACKING pc=0x000002122833ace3 sp=0x000000dea65fb2e0 mode 0

Classes unloaded (0 events):
No events

Classes redefined (0 events):
No events

Internal exceptions (20 events):
Event: 3.293 Thread 0x000002121d8deab0 Exception <a 'java/lang/NoSuchMethodError'{0x000000070b9a6648}: 'java.lang.Object java.lang.invoke.DirectMethodHandle$Holder.invokeInterface(java.lang.Object, java.lang.Object, java.lang.Object)'> (0x000000070b9a6648) 
thrown [s\src\hotspot\share\interpreter\linkResolver.cpp, line 771]
Event: 3.294 Thread 0x000002121d8deab0 Exception <a 'java/lang/IncompatibleClassChangeError'{0x000000070b9a9fb8}: Found class java.lang.Object, but interface was expected> (0x000000070b9a9fb8) 
thrown [s\src\hotspot\share\interpreter\linkResolver.cpp, line 838]
Event: 3.296 Thread 0x000002121d8deab0 Implicit null exception at 0x0000021228afc43f to 0x0000021228afc82c
Event: 3.309 Thread 0x000002121d8deab0 Implicit null exception at 0x00000212288d878f to 0x00000212288d8809
Event: 3.310 Thread 0x000002121d8deab0 Implicit null exception at 0x0000021228afb26b to 0x0000021228afb4ac
Event: 3.373 Thread 0x000002121d8deab0 Implicit null exception at 0x00000212288d040f to 0x00000212288d0668
Event: 3.387 Thread 0x000002121d8deab0 Exception <a 'java/lang/NoSuchMethodError'{0x000000070b529b08}: 'int java.lang.invoke.DirectMethodHandle$Holder.invokeStaticInit(java.lang.Object, int)'> (0x000000070b529b08) 
thrown [s\src\hotspot\share\interpreter\linkResolver.cpp, line 771]
Event: 3.637 Thread 0x000002121d8deab0 Implicit null exception at 0x0000021228afceb4 to 0x0000021228afcf45
Event: 3.684 Thread 0x000002121d8deab0 Exception <a 'java/lang/NoSuchMethodError'{0x0000000714506ba8}: 'java.lang.Object java.lang.invoke.DirectMethodHandle$Holder.newInvokeSpecial(java.lang.Object, int, java.lang.Object)'> (0x0000000714506ba8) 
thrown [s\src\hotspot\share\interpreter\linkResolver.cpp, line 771]
Event: 3.685 Thread 0x000002121d8deab0 Exception <a 'java/lang/NoSuchMethodError'{0x000000071450d748}: 'int java.lang.invoke.DirectMethodHandle$Holder.invokeInterface(java.lang.Object, java.lang.Object)'> (0x000000071450d748) 
thrown [s\src\hotspot\share\interpreter\linkResolver.cpp, line 771]
Event: 3.705 Thread 0x000002121d8deab0 Exception <a 'java/lang/NoSuchMethodError'{0x0000000711e1f670}: 'java.lang.Object java.lang.invoke.DirectMethodHandle$Holder.newInvokeSpecial(java.lang.Object, java.lang.Object, java.lang.Object, java.lang.Object, java.lang.Object, java.lang.Object, java.lang.Object)'> (0x0000000711e1f670) 
thrown [s\src\hotspot\share\interpreter\linkResolver.cpp, line 771]
Event: 3.705 Thread 0x000002121d8deab0 Exception <a 'java/lang/NoSuchMethodError'{0x0000000711e24228}: 'java.lang.Object java.lang.invoke.Invokers$Holder.linkToTargetMethod(java.lang.Object, java.lang.Object, java.lang.Object, java.lang.Object, java.lang.Object, java.lang.Object, java.lang.Object)'> (0x0000000711e24228) 
thrown [s\src\hotspot\share\interpreter\linkResolver.cpp, line 771]
Event: 3.846 Thread 0x000002121d8deab0 Implicit null exception at 0x0000021228921a0f to 0x0000021228921c8c
Event: 3.912 Thread 0x000002121d8deab0 Exception <a 'java/lang/NoSuchMethodError'{0x000000070b9fcd98}: 'java.lang.Object java.lang.invoke.DirectMethodHandle$Holder.invokeStaticInit(java.lang.Object, java.lang.Object, java.lang.Object, java.lang.Object)'> (0x000000070b9fcd98) 
thrown [s\src\hotspot\share\interpreter\linkResolver.cpp, line 771]
Event: 4.069 Thread 0x000002121d8deab0 Exception <a 'java/lang/NoSuchMethodError'{0x000000070a8adbe0}: 'java.lang.Object java.lang.invoke.DirectMethodHandle$Holder.newInvokeSpecial(java.lang.Object, java.lang.Object, java.lang.Object, int, int)'> (0x000000070a8adbe0) 
thrown [s\src\hotspot\share\interpreter\linkResolver.cpp, line 771]
Event: 4.069 Thread 0x000002121d8deab0 Exception <a 'java/lang/NoSuchMethodError'{0x000000070a8b1a20}: 'java.lang.Object java.lang.invoke.DirectMethodHandle$Holder.invokeSpecial(java.lang.Object, java.lang.Object, java.lang.Object, java.lang.Object, int, int)'> (0x000000070a8b1a20) 
thrown [s\src\hotspot\share\interpreter\linkResolver.cpp, line 771]
Event: 4.240 Thread 0x000002121d8deab0 Exception <a 'java/lang/NoSuchMethodError'{0x0000000709f9d4f8}: 'java.lang.Object java.lang.invoke.DirectMethodHandle$Holder.invokeSpecial(java.lang.Object, java.lang.Object, int, int, java.lang.Object, java.lang.Object, java.lang.Object, java.lang.Object, java.lang.Object)'> (0x0000000709f9d4f8) 
thrown [s\src\hotspot\share\interpreter\linkResolver.cpp, line 771]
Event: 4.242 Thread 0x000002121d8deab0 Exception <a 'java/lang/NoSuchMethodError'{0x0000000709fb77d0}: 'java.lang.Object java.lang.invoke.DirectMethodHandle$Holder.invokeStatic(java.lang.Object, int, java.lang.Object)'> (0x0000000709fb77d0) 
thrown [s\src\hotspot\share\interpreter\linkResolver.cpp, line 771]
Event: 4.248 Thread 0x000002121d8deab0 Exception <a 'java/lang/NoSuchMethodError'{0x0000000709fdf6f0}: 'java.lang.Object java.lang.invoke.DirectMethodHandle$Holder.newInvokeSpecial(java.lang.Object, int, java.lang.Object, java.lang.Object)'> (0x0000000709fdf6f0) 
thrown [s\src\hotspot\share\interpreter\linkResolver.cpp, line 771]
Event: 4.758 Thread 0x000002121d8deab0 Implicit null exception at 0x00000212288ee819 to 0x00000212288eeb00

VM Operations (20 events):
Event: 4.828 Executing VM operation: HandshakeAllThreads
Event: 4.828 Executing VM operation: HandshakeAllThreads done
Event: 4.832 Executing VM operation: HandshakeAllThreads
Event: 4.832 Executing VM operation: HandshakeAllThreads done
Event: 4.832 Executing VM operation: HandshakeAllThreads
Event: 4.832 Executing VM operation: HandshakeAllThreads done
Event: 4.855 Executing VM operation: HandshakeAllThreads
Event: 4.855 Executing VM operation: HandshakeAllThreads done
Event: 4.872 Executing VM operation: HandshakeAllThreads
Event: 4.872 Executing VM operation: HandshakeAllThreads done
Event: 4.873 Executing VM operation: ICBufferFull
Event: 4.873 Executing VM operation: ICBufferFull done
Event: 4.883 Executing VM operation: HandshakeAllThreads
Event: 4.883 Executing VM operation: HandshakeAllThreads done
Event: 4.908 Executing VM operation: HandshakeAllThreads
Event: 4.909 Executing VM operation: HandshakeAllThreads done
Event: 4.964 Executing VM operation: HandshakeAllThreads
Event: 4.964 Executing VM operation: HandshakeAllThreads done
Event: 4.964 Executing VM operation: G1CollectForAllocation
Event: 4.977 Executing VM operation: G1CollectForAllocation done

Events (20 events):
Event: 4.884 Thread 0x000002123c6d52b0 flushing nmethod 0x0000021221cddf10
Event: 4.884 Thread 0x000002123c6d52b0 flushing nmethod 0x0000021221ce3d90
Event: 4.884 Thread 0x000002123c6d52b0 flushing nmethod 0x0000021221cfa410
Event: 4.884 Thread 0x000002123c6d52b0 flushing nmethod 0x0000021221d04b10
Event: 4.884 Thread 0x000002123c6d52b0 flushing nmethod 0x0000021221d06490
Event: 4.884 Thread 0x000002123c6d52b0 flushing nmethod 0x0000021221d06a90
Event: 4.884 Thread 0x000002123c6d52b0 flushing nmethod 0x0000021221d06e90
Event: 4.884 Thread 0x000002123c6d52b0 flushing nmethod 0x0000021221d1b910
Event: 4.884 Thread 0x000002123c6d52b0 flushing nmethod 0x0000021221d2d390
Event: 4.884 Thread 0x000002123c6d52b0 flushing nmethod 0x0000021221d4b090
Event: 4.884 Thread 0x000002123c6d52b0 flushing nmethod 0x0000021221d82690
Event: 4.884 Thread 0x000002123c6d52b0 flushing nmethod 0x0000021221d97d90
Event: 4.884 Thread 0x000002123c6d52b0 flushing nmethod 0x0000021221dfc110
Event: 4.884 Thread 0x000002123c6d52b0 flushing nmethod 0x0000021221e55090
Event: 4.884 Thread 0x000002123c6d52b0 flushing nmethod 0x0000021221e8f690
Event: 4.885 Thread 0x000002123c6d52b0 flushing nmethod 0x0000021221ecdb10
Event: 4.885 Thread 0x000002123c6d52b0 flushing nmethod 0x0000021221ed8b10
Event: 4.885 Thread 0x000002123c6d52b0 flushing nmethod 0x0000021221eedf10
Event: 4.885 Thread 0x000002123c6d52b0 flushing nmethod 0x0000021221f2ca90
Event: 4.885 Thread 0x000002123c6d52b0 flushing nmethod 0x0000021221fa4e10


Dynamic libraries:
0x00007ff793760000 - 0x00007ff79376a000 	C:\Program Files\Android\Android Studio\jbr\bin\java.exe
0x00007ffcd7d30000 - 0x00007ffcd7f46000 	C:\WINDOWS\SYSTEM32\ntdll.dll
0x00007ffcd6fe0000 - 0x00007ffcd70a4000 	C:\WINDOWS\System32\KERNEL32.DLL
0x00007ffcd5610000 - 0x00007ffcd59b7000 	C:\WINDOWS\System32\KERNELBASE.dll
0x00007ffcd5050000 - 0x00007ffcd5161000 	C:\WINDOWS\System32\ucrtbase.dll
0x00007ffc8d960000 - 0x00007ffc8d977000 	C:\Program Files\Android\Android Studio\jbr\bin\jli.dll
0x00007ffccd790000 - 0x00007ffccd7ab000 	C:\Program Files\Android\Android Studio\jbr\bin\VCRUNTIME140.dll
0x00007ffcd63e0000 - 0x00007ffcd658e000 	C:\WINDOWS\System32\USER32.dll
0x00007ffcd59c0000 - 0x00007ffcd59e6000 	C:\WINDOWS\System32\win32u.dll
0x00007ffcd7190000 - 0x00007ffcd71b9000 	C:\WINDOWS\System32\GDI32.dll
0x00007ffcbc240000 - 0x00007ffcbc4d3000 	C:\WINDOWS\WinSxS\amd64_microsoft.windows.common-controls_6595b64144ccf1df_6.0.22621.3235_none_270f74e173860f98\COMCTL32.dll
0x00007ffcd5380000 - 0x00007ffcd5499000 	C:\WINDOWS\System32\gdi32full.dll
0x00007ffcd7330000 - 0x00007ffcd73d7000 	C:\WINDOWS\System32\msvcrt.dll
0x00007ffcd52e0000 - 0x00007ffcd537a000 	C:\WINDOWS\System32\msvcp_win.dll
0x00007ffcd73e0000 - 0x00007ffcd7411000 	C:\WINDOWS\System32\IMM32.DLL
0x00007ffccdec0000 - 0x00007ffccdecc000 	C:\Program Files\Android\Android Studio\jbr\bin\vcruntime140_1.dll
0x00007ffc94060000 - 0x00007ffc940ed000 	C:\Program Files\Android\Android Studio\jbr\bin\msvcp140.dll
0x00007ffc278b0000 - 0x00007ffc28530000 	C:\Program Files\Android\Android Studio\jbr\bin\server\jvm.dll
0x00007ffcd7270000 - 0x00007ffcd7322000 	C:\WINDOWS\System32\ADVAPI32.dll
0x00007ffcd71c0000 - 0x00007ffcd7268000 	C:\WINDOWS\System32\sechost.dll
0x00007ffcd54a0000 - 0x00007ffcd54c8000 	C:\WINDOWS\System32\bcrypt.dll
0x00007ffcd5b10000 - 0x00007ffcd5c25000 	C:\WINDOWS\System32\RPCRT4.dll
0x00007ffc9d720000 - 0x00007ffc9d729000 	C:\WINDOWS\SYSTEM32\WSOCK32.dll
0x00007ffcc9e90000 - 0x00007ffcc9ec4000 	C:\WINDOWS\SYSTEM32\WINMM.dll
0x00007ffcc9e10000 - 0x00007ffcc9e1a000 	C:\WINDOWS\SYSTEM32\VERSION.dll
0x00007ffcd70b0000 - 0x00007ffcd7121000 	C:\WINDOWS\System32\WS2_32.dll
0x00007ffcd4180000 - 0x00007ffcd4198000 	C:\WINDOWS\SYSTEM32\kernel.appcore.dll
0x00007ffcad3d0000 - 0x00007ffcad3da000 	C:\Program Files\Android\Android Studio\jbr\bin\jimage.dll
0x00007ffcd29a0000 - 0x00007ffcd2bd3000 	C:\WINDOWS\SYSTEM32\DBGHELP.DLL
0x00007ffcd6820000 - 0x00007ffcd6ba8000 	C:\WINDOWS\System32\combase.dll
0x00007ffcd66c0000 - 0x00007ffcd6797000 	C:\WINDOWS\System32\OLEAUT32.dll
0x00007ffca75b0000 - 0x00007ffca75e2000 	C:\WINDOWS\SYSTEM32\dbgcore.DLL
0x00007ffcd54d0000 - 0x00007ffcd5549000 	C:\WINDOWS\System32\bcryptPrimitives.dll
0x00007ffc96740000 - 0x00007ffc96765000 	C:\Program Files\Android\Android Studio\jbr\bin\java.dll
0x00007ffcad3b0000 - 0x00007ffcad3c8000 	C:\Program Files\Android\Android Studio\jbr\bin\zip.dll
0x00007ffcd7420000 - 0x00007ffcd7c7c000 	C:\WINDOWS\System32\SHELL32.dll
0x00007ffcd2fb0000 - 0x00007ffcd38a9000 	C:\WINDOWS\SYSTEM32\windows.storage.dll
0x00007ffcd2e70000 - 0x00007ffcd2fae000 	C:\WINDOWS\SYSTEM32\wintypes.dll
0x00007ffcd6590000 - 0x00007ffcd6683000 	C:\WINDOWS\System32\SHCORE.dll
0x00007ffcd5ab0000 - 0x00007ffcd5b0e000 	C:\WINDOWS\System32\shlwapi.dll
0x00007ffcd4f80000 - 0x00007ffcd4fa1000 	C:\WINDOWS\SYSTEM32\profapi.dll
0x00007ffc96120000 - 0x00007ffc96139000 	C:\Program Files\Android\Android Studio\jbr\bin\net.dll
0x00007ffccad70000 - 0x00007ffccaea6000 	C:\WINDOWS\SYSTEM32\WINHTTP.dll
0x00007ffcd45f0000 - 0x00007ffcd4659000 	C:\WINDOWS\system32\mswsock.dll
0x00007ffc93f70000 - 0x00007ffc93f86000 	C:\Program Files\Android\Android Studio\jbr\bin\nio.dll
0x00007ffca7560000 - 0x00007ffca7570000 	C:\Program Files\Android\Android Studio\jbr\bin\verify.dll

dbghelp: loaded successfully - version: 4.0.5 - missing functions: none
symbol engine: initialized successfully - sym options: 0x614 - pdb path: .;C:\Program Files\Android\Android Studio\jbr\bin;C:\WINDOWS\SYSTEM32;C:\WINDOWS\WinSxS\amd64_microsoft.windows.common-controls_6595b64144ccf1df_6.0.22621.3235_none_270f74e173860f98;C:\Program Files\Android\Android Studio\jbr\bin\server

VM Arguments:
java_command: org.jetbrains.kotlin.cli.jvm.K2JVMCompiler @C:\Users\Uri\Portfolio\Cripto\app\build\20240507_17547222740328288.compiler.options
java_class_path (initial): C:\Users\Uri\.gradle\caches\modules-2\files-2.1\org.jetbrains.kotlin\kotlin-compiler-embeddable\1.9.0\2c8c3a7402becca891f12739b3e9fd2dc2adbd7a\kotlin-compiler-embeddable-1.9.0.jar;C:\Users\Uri\.gradle\caches\modules-2\files-2.1\org.jetbrains.kotlin\kotlin-stdlib\1.9.0\8ee15ef0c67dc83d874f412d84378d7f0eb50b63\kotlin-stdlib-1.9.0.jar;C:\Users\Uri\.gradle\caches\modules-2\files-2.1\org.jetbrains.kotlin\kotlin-script-runtime\1.9.0\4b3102cbbb7e1b58d9d1adf89563f00069ffa7d1\kotlin-script-runtime-1.9.0.jar;C:\Users\Uri\.gradle\caches\modules-2\files-2.1\org.jetbrains.kotlin\kotlin-reflect\1.6.10\1cbe9c92c12a94eea200d23c2bbaedaf3daf5132\kotlin-reflect-1.6.10.jar;C:\Users\Uri\.gradle\caches\modules-2\files-2.1\org.jetbrains.kotlin\kotlin-daemon-embeddable\1.9.0\186543f5e28cf8d9a0290fecc2cf34301c40a65c\kotlin-daemon-embeddable-1.9.0.jar;C:\Users\Uri\.gradle\caches\modules-2\files-2.1\org.jetbrains.intellij.deps\trove4j\1.0.20200330\3afb14d5f9ceb459d724e907a21145e8ff394f02\trove4j-1.0.20200330.jar;C:\Users\Uri\.gradle\caches\modules-2\files-2.1\org.jetbrains.kotlin\kotlin-stdlib-common\1.9.0\cd65c21cfd1eec4d44ef09f9f52b6d9f8a720636\kotlin-stdlib-common-1.9.0.jar;C:\Users\Uri\.gradle\caches\modules-2\files-2.1\org.jetbrains\annotations\13.0\919f0dfe192fb4e063e7dacadee7f8bb9a2672a9\annotations-13.0.jar
Launcher Type: SUN_STANDARD

[Global flags]
     intx CICompilerCount                          = 4                                         {product} {ergonomic}
     uint ConcGCThreads                            = 3                                         {product} {ergonomic}
     uint G1ConcRefinementThreads                  = 10                                        {product} {ergonomic}
   size_t G1HeapRegionSize                         = 2097152                                   {product} {ergonomic}
    uintx GCDrainStackTargetSize                   = 64                                        {product} {ergonomic}
   size_t InitialHeapSize                          = 264241152                                 {product} {ergonomic}
   size_t MarkStackSize                            = 4194304                                   {product} {ergonomic}
   size_t MaxHeapSize                              = 4217372672                                {product} {ergonomic}
   size_t MaxNewSize                               = 2529165312                                {product} {ergonomic}
   size_t MinHeapDeltaBytes                        = 2097152                                   {product} {ergonomic}
   size_t MinHeapSize                              = 8388608                                   {product} {ergonomic}
    uintx NonNMethodCodeHeapSize                   = 5839372                                {pd product} {ergonomic}
    uintx NonProfiledCodeHeapSize                  = 122909434                              {pd product} {ergonomic}
    uintx ProfiledCodeHeapSize                     = 122909434                              {pd product} {ergonomic}
    uintx ReservedCodeCacheSize                    = 251658240                              {pd product} {ergonomic}
     bool SegmentedCodeCache                       = true                                      {product} {ergonomic}
   size_t SoftMaxHeapSize                          = 4217372672                             {manageable} {ergonomic}
     bool UseCompressedClassPointers               = true                           {product lp64_product} {ergonomic}
     bool UseCompressedOops                        = true                           {product lp64_product} {ergonomic}
     bool UseG1GC                                  = true                                      {product} {ergonomic}
     bool UseLargePagesIndividualAllocation        = false                                  {pd product} {ergonomic}

Logging:
Log output configuration:
 #0: stdout all=warning uptime,level,tags
 #1: stderr all=off uptime,level,tags

Environment Variables:
PATH=C:\Program Files\Common Files\Oracle\Java\javapath;C:\Program Files (x86)\Common Files\Oracle\Java\javapath;C:\Program Files (x86)\NVIDIA Corporation\PhysX\Common;C:\Windows\system32;C:\Windows;C:\Windows\System32\Wbem;C:\Windows\System32\WindowsPowerShell\v1.0\;C:\Windows\System32\OpenSSH\;C:\Program Files\NVIDIA Corporation\NVIDIA NvDLISR;C:\Program Files\Microsoft SQL Server\Client SDK\ODBC\170\Tools\Binn\;C:\Program Files (x86)\Microsoft SQL Server\150\Tools\Binn\;C:\Program Files\Microsoft SQL Server\150\Tools\Binn\;C:\Program Files\Microsoft SQL Server\150\DTS\Binn\;C:\Program Files (x86)\Windows Kits\8.1\Windows Performance Toolkit\;C:\Program Files\PuTTY\;C:\Program Files\nodejs\;C:\Program Files\Git\cmd;C:\WINDOWS\system32;C:\WINDOWS;C:\WINDOWS\System32\Wbem;C:\WINDOWS\System32\WindowsPowerShell\v1.0\;C:\WINDOWS\System32\OpenSSH\;C:\Users\Uri\AppData\Local\Programs\Python\Python310\Scripts\;C:\Users\Uri\AppData\Local\Programs\Python\Python310\;C:\Users\Uri\AppData\Local\Microsoft\WindowsApps;C:\Users\Uri\AppData\Local\Programs\Microsoft VS Code\bin;C:\Users\Uri\AppData\Roaming\npm;C:\Users\Uri\Downloads\flutter\bin;
USERNAME=Uri
OS=Windows_NT
PROCESSOR_IDENTIFIER=Intel64 Family 6 Model 141 Stepping 1, GenuineIntel
TMP=C:\Users\Uri\AppData\Local\Temp
TEMP=C:\Users\Uri\AppData\Local\Temp


JNI global refs:
JNI global refs: 11, weak refs: 3

JNI global refs memory usage: 843, weak refs: 841

OOME stack traces (most recent first):
Classloader memory used:
Loader jdk.internal.loader.ClassLoaders$AppClassLoader                                 : 7650K
Loader bootstrap                                                                       : 1384K
Loader java.net.URLClassLoader                                                         : 239K
Loader jdk.internal.reflect.DelegatingClassLoader                                      : 11062B
Loader jdk.internal.loader.ClassLoaders$PlatformClassLoader                            : 2276B


---------------  S Y S T E M  ---------------

OS:
 Windows 11 , 64 bit Build 22621 (10.0.22621.3374)
OS uptime: 5 days 2:11 hours

CPU: total 12 (initial active 12) (6 cores per cpu, 2 threads per core) family 6 model 141 stepping 1 microcode 0x34, cx8, cmov, fxsr, ht, mmx, 3dnowpref, sse, sse2, sse3, ssse3, sse4.1, sse4.2, popcnt, lzcnt, tsc, tscinvbit, avx, avx2, aes, erms, clmul, bmi1, bmi2, adx, avx512f, avx512dq, avx512cd, avx512bw, avx512vl, sha, fma, vzeroupper, avx512_vpopcntdq, avx512_vpclmulqdq, avx512_vaes, avx512_vnni, clflush, clflushopt, clwb, avx512_vbmi2, avx512_vbmi

Memory: 4k page, system-wide physical 16085M (932M free)
TotalPageFile size 43601M (AvailPageFile size 7M)
current process WorkingSet (physical memory assigned to process): 335M, peak: 335M
current process commit charge ("private bytes"): 375M, peak: 378M

vm_info: OpenJDK 64-Bit Server VM (17.0.7+0-b2043.56-10550314) for windows-amd64 JRE (17.0.7+0-b2043.56-10550314), built on Jul 24 2023 18:27:45 by "androidbuild" with MS VC++ 16.10 / 16.11 (VS2019)

END.
